2021-05-18_00-06-55 [http-nio-8500-exec-2] ERROR c.c.p.e.GlobalExceptionHandler - handles by handleFeignStatusException
2021-05-18_00-06-55 [http-nio-8500-exec-2] ERROR c.c.p.e.GlobalExceptionHandler - [400] during [POST] to [http://localhost:8100/ipTreatmentOffering/addSpecialist] [IPTreatmentOfferingClient#addSpecialist(SpecialistDetail,String)]: []
2021-05-18_00-06-55 [http-nio-8500-exec-3] ERROR c.c.p.e.GlobalExceptionHandler - handles by handleFeignStatusException
2021-05-18_00-06-55 [http-nio-8500-exec-3] ERROR c.c.p.e.GlobalExceptionHandler - [400] during [POST] to [http://localhost:8100/ipTreatmentOffering/addSpecialist] [IPTreatmentOfferingClient#addSpecialist(SpecialistDetail,String)]: []
2021-05-18_00-06-55 [http-nio-8500-exec-4] ERROR c.c.p.e.GlobalExceptionHandler - handles by handleFeignStatusException
2021-05-18_00-06-55 [http-nio-8500-exec-4] ERROR c.c.p.e.GlobalExceptionHandler - [400] during [POST] to [http://localhost:8100/ipTreatmentOffering/addSpecialist] [IPTreatmentOfferingClient#addSpecialist(SpecialistDetail,String)]: []
2021-05-18_00-06-55 [http-nio-8500-exec-6] ERROR c.c.p.e.GlobalExceptionHandler - handles by handleFeignStatusException
2021-05-18_00-06-55 [http-nio-8500-exec-6] ERROR c.c.p.e.GlobalExceptionHandler - [400] during [POST] to [http://localhost:8100/ipTreatmentOffering/addSpecialist] [IPTreatmentOfferingClient#addSpecialist(SpecialistDetail,String)]: []
2021-05-18_00-06-55 [http-nio-8500-exec-10] ERROR c.c.p.e.GlobalExceptionHandler - handles by handleFeignStatusException
2021-05-18_00-06-55 [http-nio-8500-exec-10] ERROR c.c.p.e.GlobalExceptionHandler - [400] during [POST] to [http://localhost:8100/ipTreatmentOffering/addSpecialist] [IPTreatmentOfferingClient#addSpecialist(SpecialistDetail,String)]: []
2021-05-18_00-29-59 [http-nio-8500-exec-1] ERROR c.c.p.e.GlobalExceptionHandler - handles by handleFeignStatusException
2021-05-18_00-29-59 [http-nio-8500-exec-1] ERROR c.c.p.e.GlobalExceptionHandler - [400] during [POST] to [http://localhost:8100/ipTreatmentOffering/addSpecialist] [IPTreatmentOfferingClient#addSpecialist(SpecialistDetail,String)]: []
2021-05-18_00-33-05 [http-nio-8500-exec-6] ERROR c.c.p.e.GlobalExceptionHandler - handles by handleFeignStatusException
2021-05-18_00-33-05 [http-nio-8500-exec-6] ERROR c.c.p.e.GlobalExceptionHandler - [400] during [POST] to [http://localhost:8100/ipTreatmentOffering/addSpecialist] [IPTreatmentOfferingClient#addSpecialist(SpecialistDetail,String)]: []
2021-05-18_00-36-29 [http-nio-8500-exec-8] ERROR c.c.p.e.GlobalExceptionHandler - handles by handleFeignStatusException
2021-05-18_00-36-29 [http-nio-8500-exec-8] ERROR c.c.p.e.GlobalExceptionHandler - [400] during [POST] to [http://localhost:8100/ipTreatmentOffering/addSpecialist] [IPTreatmentOfferingClient#addSpecialist(SpecialistDetail,String)]: []
2021-05-18_00-45-53 [http-nio-8500-exec-1] ERROR c.c.p.e.GlobalExceptionHandler - handles by handleFeignStatusException
2021-05-18_00-45-53 [http-nio-8500-exec-1] ERROR c.c.p.e.GlobalExceptionHandler - [400] during [POST] to [http://localhost:8100/ipTreatmentOffering/addSpecialist] [IPTreatmentOfferingClient#addSpecialist(SpecialistDetail,String)]: []
2021-05-18_00-45-53 [http-nio-8500-exec-3] ERROR c.c.p.e.GlobalExceptionHandler - handles by handleFeignStatusException
2021-05-18_00-45-53 [http-nio-8500-exec-3] ERROR c.c.p.e.GlobalExceptionHandler - [400] during [POST] to [http://localhost:8100/ipTreatmentOffering/addSpecialist] [IPTreatmentOfferingClient#addSpecialist(SpecialistDetail,String)]: []
2021-05-18_00-45-53 [http-nio-8500-exec-4] ERROR c.c.p.e.GlobalExceptionHandler - handles by handleFeignStatusException
2021-05-18_00-45-53 [http-nio-8500-exec-4] ERROR c.c.p.e.GlobalExceptionHandler - [400] during [POST] to [http://localhost:8100/ipTreatmentOffering/addSpecialist] [IPTreatmentOfferingClient#addSpecialist(SpecialistDetail,String)]: []
2021-05-18_00-45-53 [http-nio-8500-exec-5] ERROR c.c.p.e.GlobalExceptionHandler - handles by handleFeignStatusException
2021-05-18_00-45-53 [http-nio-8500-exec-5] ERROR c.c.p.e.GlobalExceptionHandler - [400] during [POST] to [http://localhost:8100/ipTreatmentOffering/addSpecialist] [IPTreatmentOfferingClient#addSpecialist(SpecialistDetail,String)]: []
2021-05-18_00-45-53 [http-nio-8500-exec-9] ERROR c.c.p.e.GlobalExceptionHandler - handles by handleFeignStatusException
2021-05-18_00-45-53 [http-nio-8500-exec-9] ERROR c.c.p.e.GlobalExceptionHandler - [400] during [POST] to [http://localhost:8100/ipTreatmentOffering/addSpecialist] [IPTreatmentOfferingClient#addSpecialist(SpecialistDetail,String)]: []
2021-05-18_00-45-53 [http-nio-8500-exec-1] ERROR c.c.p.e.GlobalExceptionHandler - handles by handleFeignStatusException
2021-05-18_00-45-53 [http-nio-8500-exec-1] ERROR c.c.p.e.GlobalExceptionHandler - [400] during [POST] to [http://localhost:8100/ipTreatmentOffering/addSpecialist] [IPTreatmentOfferingClient#addSpecialist(SpecialistDetail,String)]: []
2021-05-18_00-45-53 [http-nio-8500-exec-2] ERROR c.c.p.e.GlobalExceptionHandler - handles by handleFeignStatusException
2021-05-18_00-45-53 [http-nio-8500-exec-2] ERROR c.c.p.e.GlobalExceptionHandler - [400] during [POST] to [http://localhost:8100/ipTreatmentOffering/addSpecialist] [IPTreatmentOfferingClient#addSpecialist(SpecialistDetail,String)]: []
2021-05-18_00-54-01 [http-nio-8500-exec-4] ERROR c.c.p.e.GlobalExceptionHandler - handles by handleFeignStatusException
2021-05-18_00-54-01 [http-nio-8500-exec-4] ERROR c.c.p.e.GlobalExceptionHandler - [404] during [GET] to [http://localhost:8100/ipTreatmentOffering/specialistsByExpertsise/] [IPTreatmentOfferingClient#getAllSpecialistByAreaOfExpertise(AilmentCategory,String)]: [{"timestamp":"2021-05-17T19:24:16.863+00:00","status":404,"error":"Not Found","message":"No message available","path":"/ipTreatmentOffering/specialistsByExpertsise/"}]
2021-05-18_00-54-01 [http-nio-8500-exec-6] ERROR c.c.p.e.GlobalExceptionHandler - handles by handleFeignStatusException
2021-05-18_00-54-01 [http-nio-8500-exec-6] ERROR c.c.p.e.GlobalExceptionHandler - [404] during [GET] to [http://localhost:8100/ipTreatmentOffering/specialistsByExpertsise/] [IPTreatmentOfferingClient#getAllSpecialistByAreaOfExpertise(AilmentCategory,String)]: [{"timestamp":"2021-05-17T19:24:53.819+00:00","status":404,"error":"Not Found","message":"No message available","path":"/ipTreatmentOffering/specialistsByExpertsise/"}]
2021-05-18_00-56-30 [http-nio-8500-exec-10] ERROR c.c.p.e.GlobalExceptionHandler - handles by handleFeignStatusException
2021-05-18_00-56-30 [http-nio-8500-exec-10] ERROR c.c.p.e.GlobalExceptionHandler - [404] during [GET] to [http://localhost:8100/ipTreatmentOffering/specialistsByExpertsise/] [IPTreatmentOfferingClient#getAllSpecialistByAreaOfExpertise(AilmentCategory,String)]: [{"timestamp":"2021-05-17T19:27:19.364+00:00","status":404,"error":"Not Found","message":"No message available","path":"/ipTreatmentOffering/specialistsByExpertsise/"}]
2021-05-18_00-56-30 [http-nio-8500-exec-2] ERROR c.c.p.e.GlobalExceptionHandler - handles by handleFeignStatusException
2021-05-18_00-56-30 [http-nio-8500-exec-2] ERROR c.c.p.e.GlobalExceptionHandler - [404] during [GET] to [http://localhost:8100/ipTreatmentOffering/specialistsByExpertsise/] [IPTreatmentOfferingClient#getAllSpecialistByAreaOfExpertise(AilmentCategory,String)]: [{"timestamp":"2021-05-17T19:27:36.240+00:00","status":404,"error":"Not Found","message":"No message available","path":"/ipTreatmentOffering/specialistsByExpertsise/"}]
2021-05-18_00-56-30 [http-nio-8500-exec-8] ERROR c.c.p.e.GlobalExceptionHandler - handles by handleFeignStatusException
2021-05-18_00-56-30 [http-nio-8500-exec-8] ERROR c.c.p.e.GlobalExceptionHandler - [404] during [GET] to [http://localhost:8100/ipTreatmentOffering/specialistsByExpertsise/] [IPTreatmentOfferingClient#getAllSpecialistByAreaOfExpertise(AilmentCategory,String)]: [{"timestamp":"2021-05-17T19:30:15.642+00:00","status":404,"error":"Not Found","message":"No message available","path":"/ipTreatmentOffering/specialistsByExpertsise/"}]
2021-05-18_01-04-31 [http-nio-8500-exec-7] ERROR c.c.p.e.GlobalExceptionHandler - handles by handleFeignStatusException
2021-05-18_01-04-31 [http-nio-8500-exec-7] ERROR c.c.p.e.GlobalExceptionHandler - [404] during [GET] to [http://localhost:8100/ipTreatmentOffering/specialistsByExpertsise/] [IPTreatmentOfferingClient#getAllSpecialistByAreaOfExpertise(AilmentCategory,String)]: [{"timestamp":"2021-05-17T19:35:17.166+00:00","status":404,"error":"Not Found","message":"No message available","path":"/ipTreatmentOffering/specialistsByExpertsise/"}]
2021-05-18_01-09-45 [http-nio-8500-exec-4] ERROR c.c.p.e.GlobalExceptionHandler - handles by handleFeignStatusException
2021-05-18_01-09-45 [http-nio-8500-exec-4] ERROR c.c.p.e.GlobalExceptionHandler - [404] during [GET] to [http://localhost:8100/ipTreatmentOffering/specialistsByExpertsise/] [IPTreatmentOfferingClient#getAllSpecialistByAreaOfExpertise(AilmentCategory,String)]: [{"timestamp":"2021-05-17T19:40:00.869+00:00","status":404,"error":"Not Found","message":"No message available","path":"/ipTreatmentOffering/specialistsByExpertsise/"}]
2021-05-18_01-09-45 [http-nio-8500-exec-6] ERROR c.c.p.e.GlobalExceptionHandler - handles by handleFeignStatusException
2021-05-18_01-09-45 [http-nio-8500-exec-6] ERROR c.c.p.e.GlobalExceptionHandler - [404] during [GET] to [http://localhost:8100/ipTreatmentOffering/specialistsByExpertsise/] [IPTreatmentOfferingClient#getAllSpecialistByAreaOfExpertise(AilmentCategory,String)]: [{"timestamp":"2021-05-17T19:46:00.373+00:00","status":404,"error":"Not Found","message":"No message available","path":"/ipTreatmentOffering/specialistsByExpertsise/"}]
2021-05-18_01-20-16 [http-nio-8500-exec-1] ERROR c.c.p.e.GlobalExceptionHandler - handles by handleFeignStatusException
2021-05-18_01-20-16 [http-nio-8500-exec-1] ERROR c.c.p.e.GlobalExceptionHandler - [404] during [GET] to [http://localhost:8100/ipTreatmentOffering/specialistsByExpertsise/] [IPTreatmentOfferingClient#getAllSpecialistByAreaOfExpertise(AilmentCategory,String)]: [{"timestamp":"2021-05-17T19:51:05.062+00:00","status":404,"error":"Not Found","message":"No message available","path":"/ipTreatmentOffering/specialistsByExpertsise/"}]
2021-05-18_01-23-57 [http-nio-8500-exec-4] ERROR c.c.p.e.GlobalExceptionHandler - handles by handleFeignStatusException
2021-05-18_01-23-57 [http-nio-8500-exec-4] ERROR c.c.p.e.GlobalExceptionHandler - [404] during [GET] to [http://localhost:8100/ipTreatmentOffering/specialistsByExpertsise/] [IPTreatmentOfferingClient#getAllSpecialistByAreaOfExpertise(AilmentCategory,String)]: [{"timestamp":"2021-05-17T19:55:00.697+00:00","status":404,"error":"Not Found","message":"No message available","path":"/ipTreatmentOffering/specialistsByExpertsise/"}]
2021-05-18_01-23-57 [http-nio-8500-exec-9] ERROR c.c.p.e.GlobalExceptionHandler - handles by handleFeignStatusException
2021-05-18_01-23-57 [http-nio-8500-exec-9] ERROR c.c.p.e.GlobalExceptionHandler - [404] during [GET] to [http://localhost:8100/ipTreatmentOffering/specialistsByExpertsise/] [IPTreatmentOfferingClient#getAllSpecialistByAreaOfExpertise(AilmentCategory,String)]: [{"timestamp":"2021-05-17T19:59:15.890+00:00","status":404,"error":"Not Found","message":"No message available","path":"/ipTreatmentOffering/specialistsByExpertsise/"}]
2021-05-18_01-38-22 [http-nio-8500-exec-4] ERROR c.c.p.e.GlobalExceptionHandler - handles by handleFeignStatusException
2021-05-18_01-38-22 [http-nio-8500-exec-4] ERROR c.c.p.e.GlobalExceptionHandler - [404] during [GET] to [http://localhost:8100/ipTreatmentOffering/specialistsByExpertsise/] [IPTreatmentOfferingClient#getAllSpecialistByAreaOfExpertise(AilmentCategory,String)]: [{"timestamp":"2021-05-17T20:09:12.210+00:00","status":404,"error":"Not Found","message":"No message available","path":"/ipTreatmentOffering/specialistsByExpertsise/"}]
2021-05-18_01-41-12 [http-nio-8500-exec-4] ERROR c.c.p.e.GlobalExceptionHandler - handles by handleFeignStatusException
2021-05-18_01-41-12 [http-nio-8500-exec-4] ERROR c.c.p.e.GlobalExceptionHandler - [404] during [GET] to [http://localhost:8100/ipTreatmentOffering/specialistsByExpertsise/] [IPTreatmentOfferingClient#getAllSpecialistByAreaOfExpertise(AilmentCategory,String)]: [{"timestamp":"2021-05-17T20:11:22.087+00:00","status":404,"error":"Not Found","message":"No message available","path":"/ipTreatmentOffering/specialistsByExpertsise/"}]
2021-05-18_01-41-12 [http-nio-8500-exec-6] ERROR c.c.p.e.GlobalExceptionHandler - handles by handleFeignStatusException
2021-05-18_01-41-12 [http-nio-8500-exec-6] ERROR c.c.p.e.GlobalExceptionHandler - [404] during [GET] to [http://localhost:8100/ipTreatmentOffering/specialistsByExpertsise/] [IPTreatmentOfferingClient#getAllSpecialistByAreaOfExpertise(AilmentCategory,String)]: [{"timestamp":"2021-05-17T20:11:41.119+00:00","status":404,"error":"Not Found","message":"No message available","path":"/ipTreatmentOffering/specialistsByExpertsise/"}]
2021-05-18_01-44-58 [http-nio-8500-exec-8] ERROR c.c.p.e.GlobalExceptionHandler - handles by handleFeignStatusException
2021-05-18_01-44-58 [http-nio-8500-exec-8] ERROR c.c.p.e.GlobalExceptionHandler - [404] during [GET] to [http://localhost:8100/ipTreatmentOffering/specialistsByExpertsise/] [IPTreatmentOfferingClient#getAllSpecialistByAreaOfExpertise(AilmentCategory,String)]: [{"timestamp":"2021-05-17T20:16:28.845+00:00","status":404,"error":"Not Found","message":"No message available","path":"/ipTreatmentOffering/specialistsByExpertsise/"}]
2021-05-18_01-50-09 [http-nio-8500-exec-1] ERROR c.c.p.e.GlobalExceptionHandler - handles by handleFeignStatusException
2021-05-18_01-50-09 [http-nio-8500-exec-1] ERROR c.c.p.e.GlobalExceptionHandler - [404] during [GET] to [http://localhost:8100/ipTreatmentOffering/specialistsByExpertsise/] [IPTreatmentOfferingClient#getAllSpecialistByAreaOfExpertise(AilmentCategory,String)]: [{"timestamp":"2021-05-17T20:20:14.173+00:00","status":404,"error":"Not Found","message":"No message available","path":"/ipTreatmentOffering/specialistsByExpertsise/"}]
2021-05-18_01-51-39 [http-nio-8500-exec-8] ERROR o.s.web.servlet.tags.form.LabelTag - Neither BindingResult nor plain target object for bean name 'SpecialistDetail' available as request attribute
java.lang.IllegalStateException: Neither BindingResult nor plain target object for bean name 'SpecialistDetail' available as request attribute
	at org.springframework.web.servlet.support.BindStatus.<init>(BindStatus.java:153)
	at org.springframework.web.servlet.tags.form.AbstractDataBoundFormElementTag.getBindStatus(AbstractDataBoundFormElementTag.java:178)
	at org.springframework.web.servlet.tags.form.AbstractDataBoundFormElementTag.getPropertyPath(AbstractDataBoundFormElementTag.java:199)
	at org.springframework.web.servlet.tags.form.LabelTag.autogenerateFor(LabelTag.java:271)
	at org.springframework.web.servlet.tags.form.LabelTag.resolveFor(LabelTag.java:261)
	at org.springframework.web.servlet.tags.form.LabelTag.writeTagContent(LabelTag.java:230)
	at org.springframework.web.servlet.tags.form.AbstractFormTag.doStartTagInternal(AbstractFormTag.java:87)
	at org.springframework.web.servlet.tags.RequestContextAwareTag.doStartTag(RequestContextAwareTag.java:83)
	at org.apache.jsp.WEB_002dINF.views.add_002dspecialist_jsp._jspx_meth_form_005flabel_005f0(add_002dspecialist_jsp.java:429)
	at org.apache.jsp.WEB_002dINF.views.add_002dspecialist_jsp._jspx_meth_form_005fform_005f0(add_002dspecialist_jsp.java:339)
	at org.apache.jsp.WEB_002dINF.views.add_002dspecialist_jsp._jspService(add_002dspecialist_jsp.java:256)
	at org.apache.jasper.runtime.HttpJspBase.service(HttpJspBase.java:71)
	at javax.servlet.http.HttpServlet.service(HttpServlet.java:733)
	at org.apache.jasper.servlet.JspServletWrapper.service(JspServletWrapper.java:477)
	at org.apache.jasper.servlet.JspServlet.serviceJspFile(JspServlet.java:385)
	at org.apache.jasper.servlet.JspServlet.service(JspServlet.java:329)
	at javax.servlet.http.HttpServlet.service(HttpServlet.java:733)
	at org.apache.catalina.core.ApplicationFilterChain.internalDoFilter(ApplicationFilterChain.java:231)
	at org.apache.catalina.core.ApplicationFilterChain.doFilter(ApplicationFilterChain.java:166)
	at org.apache.tomcat.websocket.server.WsFilter.doFilter(WsFilter.java:53)
	at org.apache.catalina.core.ApplicationFilterChain.internalDoFilter(ApplicationFilterChain.java:193)
	at org.apache.catalina.core.ApplicationFilterChain.doFilter(ApplicationFilterChain.java:166)
	at org.springframework.web.filter.OncePerRequestFilter.doFilter(OncePerRequestFilter.java:113)
	at org.apache.catalina.core.ApplicationFilterChain.internalDoFilter(ApplicationFilterChain.java:193)
	at org.apache.catalina.core.ApplicationFilterChain.doFilter(ApplicationFilterChain.java:166)
	at org.springframework.web.filter.OncePerRequestFilter.doFilter(OncePerRequestFilter.java:113)
	at org.apache.catalina.core.ApplicationFilterChain.internalDoFilter(ApplicationFilterChain.java:193)
	at org.apache.catalina.core.ApplicationFilterChain.doFilter(ApplicationFilterChain.java:166)
	at org.springframework.web.filter.OncePerRequestFilter.doFilter(OncePerRequestFilter.java:113)
	at org.apache.catalina.core.ApplicationFilterChain.internalDoFilter(ApplicationFilterChain.java:193)
	at org.apache.catalina.core.ApplicationFilterChain.doFilter(ApplicationFilterChain.java:166)
	at org.apache.catalina.core.ApplicationDispatcher.invoke(ApplicationDispatcher.java:712)
	at org.apache.catalina.core.ApplicationDispatcher.processRequest(ApplicationDispatcher.java:459)
	at org.apache.catalina.core.ApplicationDispatcher.doForward(ApplicationDispatcher.java:384)
	at org.apache.catalina.core.ApplicationDispatcher.forward(ApplicationDispatcher.java:312)
	at org.springframework.web.servlet.view.InternalResourceView.renderMergedOutputModel(InternalResourceView.java:171)
	at org.springframework.web.servlet.view.AbstractView.render(AbstractView.java:316)
	at org.springframework.web.servlet.DispatcherServlet.render(DispatcherServlet.java:1393)
	at org.springframework.web.servlet.DispatcherServlet.processDispatchResult(DispatcherServlet.java:1138)
	at org.springframework.web.servlet.DispatcherServlet.doDispatch(DispatcherServlet.java:1077)
	at org.springframework.web.servlet.DispatcherServlet.doService(DispatcherServlet.java:962)
	at org.springframework.web.servlet.FrameworkServlet.processRequest(FrameworkServlet.java:1006)
	at org.springframework.web.servlet.FrameworkServlet.doGet(FrameworkServlet.java:898)
	at javax.servlet.http.HttpServlet.service(HttpServlet.java:626)
	at org.springframework.web.servlet.FrameworkServlet.service(FrameworkServlet.java:883)
	at javax.servlet.http.HttpServlet.service(HttpServlet.java:733)
	at org.apache.catalina.core.ApplicationFilterChain.internalDoFilter(ApplicationFilterChain.java:231)
	at org.apache.catalina.core.ApplicationFilterChain.doFilter(ApplicationFilterChain.java:166)
	at org.apache.tomcat.websocket.server.WsFilter.doFilter(WsFilter.java:53)
	at org.apache.catalina.core.ApplicationFilterChain.internalDoFilter(ApplicationFilterChain.java:193)
	at org.apache.catalina.core.ApplicationFilterChain.doFilter(ApplicationFilterChain.java:166)
	at org.springframework.web.filter.RequestContextFilter.doFilterInternal(RequestContextFilter.java:100)
	at org.springframework.web.filter.OncePerRequestFilter.doFilter(OncePerRequestFilter.java:119)
	at org.apache.catalina.core.ApplicationFilterChain.internalDoFilter(ApplicationFilterChain.java:193)
	at org.apache.catalina.core.ApplicationFilterChain.doFilter(ApplicationFilterChain.java:166)
	at org.springframework.web.filter.FormContentFilter.doFilterInternal(FormContentFilter.java:93)
	at org.springframework.web.filter.OncePerRequestFilter.doFilter(OncePerRequestFilter.java:119)
	at org.apache.catalina.core.ApplicationFilterChain.internalDoFilter(ApplicationFilterChain.java:193)
	at org.apache.catalina.core.ApplicationFilterChain.doFilter(ApplicationFilterChain.java:166)
	at org.springframework.web.filter.CharacterEncodingFilter.doFilterInternal(CharacterEncodingFilter.java:201)
	at org.springframework.web.filter.OncePerRequestFilter.doFilter(OncePerRequestFilter.java:119)
	at org.apache.catalina.core.ApplicationFilterChain.internalDoFilter(ApplicationFilterChain.java:193)
	at org.apache.catalina.core.ApplicationFilterChain.doFilter(ApplicationFilterChain.java:166)
	at org.apache.catalina.core.StandardWrapperValve.invoke(StandardWrapperValve.java:202)
	at org.apache.catalina.core.StandardContextValve.invoke(StandardContextValve.java:97)
	at org.apache.catalina.authenticator.AuthenticatorBase.invoke(AuthenticatorBase.java:542)
	at org.apache.catalina.core.StandardHostValve.invoke(StandardHostValve.java:143)
	at org.apache.catalina.valves.ErrorReportValve.invoke(ErrorReportValve.java:92)
	at org.apache.catalina.core.StandardEngineValve.invoke(StandardEngineValve.java:78)
	at org.apache.catalina.connector.CoyoteAdapter.service(CoyoteAdapter.java:343)
	at org.apache.coyote.http11.Http11Processor.service(Http11Processor.java:374)
	at org.apache.coyote.AbstractProcessorLight.process(AbstractProcessorLight.java:65)
	at org.apache.coyote.AbstractProtocol$ConnectionHandler.process(AbstractProtocol.java:888)
	at org.apache.tomcat.util.net.NioEndpoint$SocketProcessor.doRun(NioEndpoint.java:1597)
	at org.apache.tomcat.util.net.SocketProcessorBase.run(SocketProcessorBase.java:49)
	at java.base/java.util.concurrent.ThreadPoolExecutor.runWorker(ThreadPoolExecutor.java:1130)
	at java.base/java.util.concurrent.ThreadPoolExecutor$Worker.run(ThreadPoolExecutor.java:630)
	at org.apache.tomcat.util.threads.TaskThread$WrappingRunnable.run(TaskThread.java:61)
	at java.base/java.lang.Thread.run(Thread.java:832)
2021-05-18_01-51-39 [http-nio-8500-exec-8] ERROR o.a.c.c.C.[.[localhost].[/].[jsp] - Servlet.service() for servlet [jsp] threw exception
java.lang.IllegalStateException: Neither BindingResult nor plain target object for bean name 'SpecialistDetail' available as request attribute
	at org.springframework.web.servlet.support.BindStatus.<init>(BindStatus.java:153)
	at org.springframework.web.servlet.tags.form.AbstractDataBoundFormElementTag.getBindStatus(AbstractDataBoundFormElementTag.java:178)
	at org.springframework.web.servlet.tags.form.AbstractDataBoundFormElementTag.getPropertyPath(AbstractDataBoundFormElementTag.java:199)
	at org.springframework.web.servlet.tags.form.LabelTag.autogenerateFor(LabelTag.java:271)
	at org.springframework.web.servlet.tags.form.LabelTag.resolveFor(LabelTag.java:261)
	at org.springframework.web.servlet.tags.form.LabelTag.writeTagContent(LabelTag.java:230)
	at org.springframework.web.servlet.tags.form.AbstractFormTag.doStartTagInternal(AbstractFormTag.java:87)
	at org.springframework.web.servlet.tags.RequestContextAwareTag.doStartTag(RequestContextAwareTag.java:83)
	at org.apache.jsp.WEB_002dINF.views.add_002dspecialist_jsp._jspx_meth_form_005flabel_005f0(add_002dspecialist_jsp.java:429)
	at org.apache.jsp.WEB_002dINF.views.add_002dspecialist_jsp._jspx_meth_form_005fform_005f0(add_002dspecialist_jsp.java:339)
	at org.apache.jsp.WEB_002dINF.views.add_002dspecialist_jsp._jspService(add_002dspecialist_jsp.java:256)
	at org.apache.jasper.runtime.HttpJspBase.service(HttpJspBase.java:71)
	at javax.servlet.http.HttpServlet.service(HttpServlet.java:733)
	at org.apache.jasper.servlet.JspServletWrapper.service(JspServletWrapper.java:477)
	at org.apache.jasper.servlet.JspServlet.serviceJspFile(JspServlet.java:385)
	at org.apache.jasper.servlet.JspServlet.service(JspServlet.java:329)
	at javax.servlet.http.HttpServlet.service(HttpServlet.java:733)
	at org.apache.catalina.core.ApplicationFilterChain.internalDoFilter(ApplicationFilterChain.java:231)
	at org.apache.catalina.core.ApplicationFilterChain.doFilter(ApplicationFilterChain.java:166)
	at org.apache.tomcat.websocket.server.WsFilter.doFilter(WsFilter.java:53)
	at org.apache.catalina.core.ApplicationFilterChain.internalDoFilter(ApplicationFilterChain.java:193)
	at org.apache.catalina.core.ApplicationFilterChain.doFilter(ApplicationFilterChain.java:166)
	at org.springframework.web.filter.OncePerRequestFilter.doFilter(OncePerRequestFilter.java:113)
	at org.apache.catalina.core.ApplicationFilterChain.internalDoFilter(ApplicationFilterChain.java:193)
	at org.apache.catalina.core.ApplicationFilterChain.doFilter(ApplicationFilterChain.java:166)
	at org.springframework.web.filter.OncePerRequestFilter.doFilter(OncePerRequestFilter.java:113)
	at org.apache.catalina.core.ApplicationFilterChain.internalDoFilter(ApplicationFilterChain.java:193)
	at org.apache.catalina.core.ApplicationFilterChain.doFilter(ApplicationFilterChain.java:166)
	at org.springframework.web.filter.OncePerRequestFilter.doFilter(OncePerRequestFilter.java:113)
	at org.apache.catalina.core.ApplicationFilterChain.internalDoFilter(ApplicationFilterChain.java:193)
	at org.apache.catalina.core.ApplicationFilterChain.doFilter(ApplicationFilterChain.java:166)
	at org.apache.catalina.core.ApplicationDispatcher.invoke(ApplicationDispatcher.java:712)
	at org.apache.catalina.core.ApplicationDispatcher.processRequest(ApplicationDispatcher.java:459)
	at org.apache.catalina.core.ApplicationDispatcher.doForward(ApplicationDispatcher.java:384)
	at org.apache.catalina.core.ApplicationDispatcher.forward(ApplicationDispatcher.java:312)
	at org.springframework.web.servlet.view.InternalResourceView.renderMergedOutputModel(InternalResourceView.java:171)
	at org.springframework.web.servlet.view.AbstractView.render(AbstractView.java:316)
	at org.springframework.web.servlet.DispatcherServlet.render(DispatcherServlet.java:1393)
	at org.springframework.web.servlet.DispatcherServlet.processDispatchResult(DispatcherServlet.java:1138)
	at org.springframework.web.servlet.DispatcherServlet.doDispatch(DispatcherServlet.java:1077)
	at org.springframework.web.servlet.DispatcherServlet.doService(DispatcherServlet.java:962)
	at org.springframework.web.servlet.FrameworkServlet.processRequest(FrameworkServlet.java:1006)
	at org.springframework.web.servlet.FrameworkServlet.doGet(FrameworkServlet.java:898)
	at javax.servlet.http.HttpServlet.service(HttpServlet.java:626)
	at org.springframework.web.servlet.FrameworkServlet.service(FrameworkServlet.java:883)
	at javax.servlet.http.HttpServlet.service(HttpServlet.java:733)
	at org.apache.catalina.core.ApplicationFilterChain.internalDoFilter(ApplicationFilterChain.java:231)
	at org.apache.catalina.core.ApplicationFilterChain.doFilter(ApplicationFilterChain.java:166)
	at org.apache.tomcat.websocket.server.WsFilter.doFilter(WsFilter.java:53)
	at org.apache.catalina.core.ApplicationFilterChain.internalDoFilter(ApplicationFilterChain.java:193)
	at org.apache.catalina.core.ApplicationFilterChain.doFilter(ApplicationFilterChain.java:166)
	at org.springframework.web.filter.RequestContextFilter.doFilterInternal(RequestContextFilter.java:100)
	at org.springframework.web.filter.OncePerRequestFilter.doFilter(OncePerRequestFilter.java:119)
	at org.apache.catalina.core.ApplicationFilterChain.internalDoFilter(ApplicationFilterChain.java:193)
	at org.apache.catalina.core.ApplicationFilterChain.doFilter(ApplicationFilterChain.java:166)
	at org.springframework.web.filter.FormContentFilter.doFilterInternal(FormContentFilter.java:93)
	at org.springframework.web.filter.OncePerRequestFilter.doFilter(OncePerRequestFilter.java:119)
	at org.apache.catalina.core.ApplicationFilterChain.internalDoFilter(ApplicationFilterChain.java:193)
	at org.apache.catalina.core.ApplicationFilterChain.doFilter(ApplicationFilterChain.java:166)
	at org.springframework.web.filter.CharacterEncodingFilter.doFilterInternal(CharacterEncodingFilter.java:201)
	at org.springframework.web.filter.OncePerRequestFilter.doFilter(OncePerRequestFilter.java:119)
	at org.apache.catalina.core.ApplicationFilterChain.internalDoFilter(ApplicationFilterChain.java:193)
	at org.apache.catalina.core.ApplicationFilterChain.doFilter(ApplicationFilterChain.java:166)
	at org.apache.catalina.core.StandardWrapperValve.invoke(StandardWrapperValve.java:202)
	at org.apache.catalina.core.StandardContextValve.invoke(StandardContextValve.java:97)
	at org.apache.catalina.authenticator.AuthenticatorBase.invoke(AuthenticatorBase.java:542)
	at org.apache.catalina.core.StandardHostValve.invoke(StandardHostValve.java:143)
	at org.apache.catalina.valves.ErrorReportValve.invoke(ErrorReportValve.java:92)
	at org.apache.catalina.core.StandardEngineValve.invoke(StandardEngineValve.java:78)
	at org.apache.catalina.connector.CoyoteAdapter.service(CoyoteAdapter.java:343)
	at org.apache.coyote.http11.Http11Processor.service(Http11Processor.java:374)
	at org.apache.coyote.AbstractProcessorLight.process(AbstractProcessorLight.java:65)
	at org.apache.coyote.AbstractProtocol$ConnectionHandler.process(AbstractProtocol.java:888)
	at org.apache.tomcat.util.net.NioEndpoint$SocketProcessor.doRun(NioEndpoint.java:1597)
	at org.apache.tomcat.util.net.SocketProcessorBase.run(SocketProcessorBase.java:49)
	at java.base/java.util.concurrent.ThreadPoolExecutor.runWorker(ThreadPoolExecutor.java:1130)
	at java.base/java.util.concurrent.ThreadPoolExecutor$Worker.run(ThreadPoolExecutor.java:630)
	at org.apache.tomcat.util.threads.TaskThread$WrappingRunnable.run(TaskThread.java:61)
	at java.base/java.lang.Thread.run(Thread.java:832)
2021-05-18_01-51-39 [http-nio-8500-exec-8] ERROR o.a.c.c.C.[.[.[.[dispatcherServlet] - Servlet.service() for servlet [dispatcherServlet] in context with path [] threw exception [An exception occurred processing [/WEB-INF/views/add-specialist.jsp] at line [40]

37: 					<form:form action="addSpecialist" method="GET"
38: 						modelAttribute="SpecialistDetail">
39: 						<div class="form-group">
40: 							<form:label path="specialistId">Enter Specialist ID:</form:label>
41: 							<form:input path="specialistId" class="form-control"
42: 								id="specialistId" required="required" />
43: 						</div>


Stacktrace:] with root cause
java.lang.IllegalStateException: Neither BindingResult nor plain target object for bean name 'SpecialistDetail' available as request attribute
	at org.springframework.web.servlet.support.BindStatus.<init>(BindStatus.java:153)
	at org.springframework.web.servlet.tags.form.AbstractDataBoundFormElementTag.getBindStatus(AbstractDataBoundFormElementTag.java:178)
	at org.springframework.web.servlet.tags.form.AbstractDataBoundFormElementTag.getPropertyPath(AbstractDataBoundFormElementTag.java:199)
	at org.springframework.web.servlet.tags.form.LabelTag.autogenerateFor(LabelTag.java:271)
	at org.springframework.web.servlet.tags.form.LabelTag.resolveFor(LabelTag.java:261)
	at org.springframework.web.servlet.tags.form.LabelTag.writeTagContent(LabelTag.java:230)
	at org.springframework.web.servlet.tags.form.AbstractFormTag.doStartTagInternal(AbstractFormTag.java:87)
	at org.springframework.web.servlet.tags.RequestContextAwareTag.doStartTag(RequestContextAwareTag.java:83)
	at org.apache.jsp.WEB_002dINF.views.add_002dspecialist_jsp._jspx_meth_form_005flabel_005f0(add_002dspecialist_jsp.java:429)
	at org.apache.jsp.WEB_002dINF.views.add_002dspecialist_jsp._jspx_meth_form_005fform_005f0(add_002dspecialist_jsp.java:339)
	at org.apache.jsp.WEB_002dINF.views.add_002dspecialist_jsp._jspService(add_002dspecialist_jsp.java:256)
	at org.apache.jasper.runtime.HttpJspBase.service(HttpJspBase.java:71)
	at javax.servlet.http.HttpServlet.service(HttpServlet.java:733)
	at org.apache.jasper.servlet.JspServletWrapper.service(JspServletWrapper.java:477)
	at org.apache.jasper.servlet.JspServlet.serviceJspFile(JspServlet.java:385)
	at org.apache.jasper.servlet.JspServlet.service(JspServlet.java:329)
	at javax.servlet.http.HttpServlet.service(HttpServlet.java:733)
	at org.apache.catalina.core.ApplicationFilterChain.internalDoFilter(ApplicationFilterChain.java:231)
	at org.apache.catalina.core.ApplicationFilterChain.doFilter(ApplicationFilterChain.java:166)
	at org.apache.tomcat.websocket.server.WsFilter.doFilter(WsFilter.java:53)
	at org.apache.catalina.core.ApplicationFilterChain.internalDoFilter(ApplicationFilterChain.java:193)
	at org.apache.catalina.core.ApplicationFilterChain.doFilter(ApplicationFilterChain.java:166)
	at org.springframework.web.filter.OncePerRequestFilter.doFilter(OncePerRequestFilter.java:113)
	at org.apache.catalina.core.ApplicationFilterChain.internalDoFilter(ApplicationFilterChain.java:193)
	at org.apache.catalina.core.ApplicationFilterChain.doFilter(ApplicationFilterChain.java:166)
	at org.springframework.web.filter.OncePerRequestFilter.doFilter(OncePerRequestFilter.java:113)
	at org.apache.catalina.core.ApplicationFilterChain.internalDoFilter(ApplicationFilterChain.java:193)
	at org.apache.catalina.core.ApplicationFilterChain.doFilter(ApplicationFilterChain.java:166)
	at org.springframework.web.filter.OncePerRequestFilter.doFilter(OncePerRequestFilter.java:113)
	at org.apache.catalina.core.ApplicationFilterChain.internalDoFilter(ApplicationFilterChain.java:193)
	at org.apache.catalina.core.ApplicationFilterChain.doFilter(ApplicationFilterChain.java:166)
	at org.apache.catalina.core.ApplicationDispatcher.invoke(ApplicationDispatcher.java:712)
	at org.apache.catalina.core.ApplicationDispatcher.processRequest(ApplicationDispatcher.java:459)
	at org.apache.catalina.core.ApplicationDispatcher.doForward(ApplicationDispatcher.java:384)
	at org.apache.catalina.core.ApplicationDispatcher.forward(ApplicationDispatcher.java:312)
	at org.springframework.web.servlet.view.InternalResourceView.renderMergedOutputModel(InternalResourceView.java:171)
	at org.springframework.web.servlet.view.AbstractView.render(AbstractView.java:316)
	at org.springframework.web.servlet.DispatcherServlet.render(DispatcherServlet.java:1393)
	at org.springframework.web.servlet.DispatcherServlet.processDispatchResult(DispatcherServlet.java:1138)
	at org.springframework.web.servlet.DispatcherServlet.doDispatch(DispatcherServlet.java:1077)
	at org.springframework.web.servlet.DispatcherServlet.doService(DispatcherServlet.java:962)
	at org.springframework.web.servlet.FrameworkServlet.processRequest(FrameworkServlet.java:1006)
	at org.springframework.web.servlet.FrameworkServlet.doGet(FrameworkServlet.java:898)
	at javax.servlet.http.HttpServlet.service(HttpServlet.java:626)
	at org.springframework.web.servlet.FrameworkServlet.service(FrameworkServlet.java:883)
	at javax.servlet.http.HttpServlet.service(HttpServlet.java:733)
	at org.apache.catalina.core.ApplicationFilterChain.internalDoFilter(ApplicationFilterChain.java:231)
	at org.apache.catalina.core.ApplicationFilterChain.doFilter(ApplicationFilterChain.java:166)
	at org.apache.tomcat.websocket.server.WsFilter.doFilter(WsFilter.java:53)
	at org.apache.catalina.core.ApplicationFilterChain.internalDoFilter(ApplicationFilterChain.java:193)
	at org.apache.catalina.core.ApplicationFilterChain.doFilter(ApplicationFilterChain.java:166)
	at org.springframework.web.filter.RequestContextFilter.doFilterInternal(RequestContextFilter.java:100)
	at org.springframework.web.filter.OncePerRequestFilter.doFilter(OncePerRequestFilter.java:119)
	at org.apache.catalina.core.ApplicationFilterChain.internalDoFilter(ApplicationFilterChain.java:193)
	at org.apache.catalina.core.ApplicationFilterChain.doFilter(ApplicationFilterChain.java:166)
	at org.springframework.web.filter.FormContentFilter.doFilterInternal(FormContentFilter.java:93)
	at org.springframework.web.filter.OncePerRequestFilter.doFilter(OncePerRequestFilter.java:119)
	at org.apache.catalina.core.ApplicationFilterChain.internalDoFilter(ApplicationFilterChain.java:193)
	at org.apache.catalina.core.ApplicationFilterChain.doFilter(ApplicationFilterChain.java:166)
	at org.springframework.web.filter.CharacterEncodingFilter.doFilterInternal(CharacterEncodingFilter.java:201)
	at org.springframework.web.filter.OncePerRequestFilter.doFilter(OncePerRequestFilter.java:119)
	at org.apache.catalina.core.ApplicationFilterChain.internalDoFilter(ApplicationFilterChain.java:193)
	at org.apache.catalina.core.ApplicationFilterChain.doFilter(ApplicationFilterChain.java:166)
	at org.apache.catalina.core.StandardWrapperValve.invoke(StandardWrapperValve.java:202)
	at org.apache.catalina.core.StandardContextValve.invoke(StandardContextValve.java:97)
	at org.apache.catalina.authenticator.AuthenticatorBase.invoke(AuthenticatorBase.java:542)
	at org.apache.catalina.core.StandardHostValve.invoke(StandardHostValve.java:143)
	at org.apache.catalina.valves.ErrorReportValve.invoke(ErrorReportValve.java:92)
	at org.apache.catalina.core.StandardEngineValve.invoke(StandardEngineValve.java:78)
	at org.apache.catalina.connector.CoyoteAdapter.service(CoyoteAdapter.java:343)
	at org.apache.coyote.http11.Http11Processor.service(Http11Processor.java:374)
	at org.apache.coyote.AbstractProcessorLight.process(AbstractProcessorLight.java:65)
	at org.apache.coyote.AbstractProtocol$ConnectionHandler.process(AbstractProtocol.java:888)
	at org.apache.tomcat.util.net.NioEndpoint$SocketProcessor.doRun(NioEndpoint.java:1597)
	at org.apache.tomcat.util.net.SocketProcessorBase.run(SocketProcessorBase.java:49)
	at java.base/java.util.concurrent.ThreadPoolExecutor.runWorker(ThreadPoolExecutor.java:1130)
	at java.base/java.util.concurrent.ThreadPoolExecutor$Worker.run(ThreadPoolExecutor.java:630)
	at org.apache.tomcat.util.threads.TaskThread$WrappingRunnable.run(TaskThread.java:61)
	at java.base/java.lang.Thread.run(Thread.java:832)
2021-05-18_01-53-00 [http-nio-8500-exec-3] ERROR o.s.web.servlet.tags.form.LabelTag - Neither BindingResult nor plain target object for bean name 'SpecialistDetail' available as request attribute
java.lang.IllegalStateException: Neither BindingResult nor plain target object for bean name 'SpecialistDetail' available as request attribute
	at org.springframework.web.servlet.support.BindStatus.<init>(BindStatus.java:153)
	at org.springframework.web.servlet.tags.form.AbstractDataBoundFormElementTag.getBindStatus(AbstractDataBoundFormElementTag.java:178)
	at org.springframework.web.servlet.tags.form.AbstractDataBoundFormElementTag.getPropertyPath(AbstractDataBoundFormElementTag.java:199)
	at org.springframework.web.servlet.tags.form.LabelTag.autogenerateFor(LabelTag.java:271)
	at org.springframework.web.servlet.tags.form.LabelTag.resolveFor(LabelTag.java:261)
	at org.springframework.web.servlet.tags.form.LabelTag.writeTagContent(LabelTag.java:230)
	at org.springframework.web.servlet.tags.form.AbstractFormTag.doStartTagInternal(AbstractFormTag.java:87)
	at org.springframework.web.servlet.tags.RequestContextAwareTag.doStartTag(RequestContextAwareTag.java:83)
	at org.apache.jsp.WEB_002dINF.views.add_002dspecialist_jsp._jspx_meth_form_005flabel_005f0(add_002dspecialist_jsp.java:429)
	at org.apache.jsp.WEB_002dINF.views.add_002dspecialist_jsp._jspx_meth_form_005fform_005f0(add_002dspecialist_jsp.java:339)
	at org.apache.jsp.WEB_002dINF.views.add_002dspecialist_jsp._jspService(add_002dspecialist_jsp.java:256)
	at org.apache.jasper.runtime.HttpJspBase.service(HttpJspBase.java:71)
	at javax.servlet.http.HttpServlet.service(HttpServlet.java:733)
	at org.apache.jasper.servlet.JspServletWrapper.service(JspServletWrapper.java:477)
	at org.apache.jasper.servlet.JspServlet.serviceJspFile(JspServlet.java:385)
	at org.apache.jasper.servlet.JspServlet.service(JspServlet.java:329)
	at javax.servlet.http.HttpServlet.service(HttpServlet.java:733)
	at org.apache.catalina.core.ApplicationFilterChain.internalDoFilter(ApplicationFilterChain.java:231)
	at org.apache.catalina.core.ApplicationFilterChain.doFilter(ApplicationFilterChain.java:166)
	at org.apache.tomcat.websocket.server.WsFilter.doFilter(WsFilter.java:53)
	at org.apache.catalina.core.ApplicationFilterChain.internalDoFilter(ApplicationFilterChain.java:193)
	at org.apache.catalina.core.ApplicationFilterChain.doFilter(ApplicationFilterChain.java:166)
	at org.springframework.web.filter.OncePerRequestFilter.doFilter(OncePerRequestFilter.java:113)
	at org.apache.catalina.core.ApplicationFilterChain.internalDoFilter(ApplicationFilterChain.java:193)
	at org.apache.catalina.core.ApplicationFilterChain.doFilter(ApplicationFilterChain.java:166)
	at org.springframework.web.filter.OncePerRequestFilter.doFilter(OncePerRequestFilter.java:113)
	at org.apache.catalina.core.ApplicationFilterChain.internalDoFilter(ApplicationFilterChain.java:193)
	at org.apache.catalina.core.ApplicationFilterChain.doFilter(ApplicationFilterChain.java:166)
	at org.springframework.web.filter.OncePerRequestFilter.doFilter(OncePerRequestFilter.java:113)
	at org.apache.catalina.core.ApplicationFilterChain.internalDoFilter(ApplicationFilterChain.java:193)
	at org.apache.catalina.core.ApplicationFilterChain.doFilter(ApplicationFilterChain.java:166)
	at org.apache.catalina.core.ApplicationDispatcher.invoke(ApplicationDispatcher.java:712)
	at org.apache.catalina.core.ApplicationDispatcher.processRequest(ApplicationDispatcher.java:459)
	at org.apache.catalina.core.ApplicationDispatcher.doForward(ApplicationDispatcher.java:384)
	at org.apache.catalina.core.ApplicationDispatcher.forward(ApplicationDispatcher.java:312)
	at org.springframework.web.servlet.view.InternalResourceView.renderMergedOutputModel(InternalResourceView.java:171)
	at org.springframework.web.servlet.view.AbstractView.render(AbstractView.java:316)
	at org.springframework.web.servlet.DispatcherServlet.render(DispatcherServlet.java:1393)
	at org.springframework.web.servlet.DispatcherServlet.processDispatchResult(DispatcherServlet.java:1138)
	at org.springframework.web.servlet.DispatcherServlet.doDispatch(DispatcherServlet.java:1077)
	at org.springframework.web.servlet.DispatcherServlet.doService(DispatcherServlet.java:962)
	at org.springframework.web.servlet.FrameworkServlet.processRequest(FrameworkServlet.java:1006)
	at org.springframework.web.servlet.FrameworkServlet.doGet(FrameworkServlet.java:898)
	at javax.servlet.http.HttpServlet.service(HttpServlet.java:626)
	at org.springframework.web.servlet.FrameworkServlet.service(FrameworkServlet.java:883)
	at javax.servlet.http.HttpServlet.service(HttpServlet.java:733)
	at org.apache.catalina.core.ApplicationFilterChain.internalDoFilter(ApplicationFilterChain.java:231)
	at org.apache.catalina.core.ApplicationFilterChain.doFilter(ApplicationFilterChain.java:166)
	at org.apache.tomcat.websocket.server.WsFilter.doFilter(WsFilter.java:53)
	at org.apache.catalina.core.ApplicationFilterChain.internalDoFilter(ApplicationFilterChain.java:193)
	at org.apache.catalina.core.ApplicationFilterChain.doFilter(ApplicationFilterChain.java:166)
	at org.springframework.web.filter.RequestContextFilter.doFilterInternal(RequestContextFilter.java:100)
	at org.springframework.web.filter.OncePerRequestFilter.doFilter(OncePerRequestFilter.java:119)
	at org.apache.catalina.core.ApplicationFilterChain.internalDoFilter(ApplicationFilterChain.java:193)
	at org.apache.catalina.core.ApplicationFilterChain.doFilter(ApplicationFilterChain.java:166)
	at org.springframework.web.filter.FormContentFilter.doFilterInternal(FormContentFilter.java:93)
	at org.springframework.web.filter.OncePerRequestFilter.doFilter(OncePerRequestFilter.java:119)
	at org.apache.catalina.core.ApplicationFilterChain.internalDoFilter(ApplicationFilterChain.java:193)
	at org.apache.catalina.core.ApplicationFilterChain.doFilter(ApplicationFilterChain.java:166)
	at org.springframework.web.filter.CharacterEncodingFilter.doFilterInternal(CharacterEncodingFilter.java:201)
	at org.springframework.web.filter.OncePerRequestFilter.doFilter(OncePerRequestFilter.java:119)
	at org.apache.catalina.core.ApplicationFilterChain.internalDoFilter(ApplicationFilterChain.java:193)
	at org.apache.catalina.core.ApplicationFilterChain.doFilter(ApplicationFilterChain.java:166)
	at org.apache.catalina.core.StandardWrapperValve.invoke(StandardWrapperValve.java:202)
	at org.apache.catalina.core.StandardContextValve.invoke(StandardContextValve.java:97)
	at org.apache.catalina.authenticator.AuthenticatorBase.invoke(AuthenticatorBase.java:542)
	at org.apache.catalina.core.StandardHostValve.invoke(StandardHostValve.java:143)
	at org.apache.catalina.valves.ErrorReportValve.invoke(ErrorReportValve.java:92)
	at org.apache.catalina.core.StandardEngineValve.invoke(StandardEngineValve.java:78)
	at org.apache.catalina.connector.CoyoteAdapter.service(CoyoteAdapter.java:343)
	at org.apache.coyote.http11.Http11Processor.service(Http11Processor.java:374)
	at org.apache.coyote.AbstractProcessorLight.process(AbstractProcessorLight.java:65)
	at org.apache.coyote.AbstractProtocol$ConnectionHandler.process(AbstractProtocol.java:888)
	at org.apache.tomcat.util.net.NioEndpoint$SocketProcessor.doRun(NioEndpoint.java:1597)
	at org.apache.tomcat.util.net.SocketProcessorBase.run(SocketProcessorBase.java:49)
	at java.base/java.util.concurrent.ThreadPoolExecutor.runWorker(ThreadPoolExecutor.java:1130)
	at java.base/java.util.concurrent.ThreadPoolExecutor$Worker.run(ThreadPoolExecutor.java:630)
	at org.apache.tomcat.util.threads.TaskThread$WrappingRunnable.run(TaskThread.java:61)
	at java.base/java.lang.Thread.run(Thread.java:832)
2021-05-18_01-53-00 [http-nio-8500-exec-3] ERROR o.a.c.c.C.[.[localhost].[/].[jsp] - Servlet.service() for servlet [jsp] threw exception
java.lang.IllegalStateException: Neither BindingResult nor plain target object for bean name 'SpecialistDetail' available as request attribute
	at org.springframework.web.servlet.support.BindStatus.<init>(BindStatus.java:153)
	at org.springframework.web.servlet.tags.form.AbstractDataBoundFormElementTag.getBindStatus(AbstractDataBoundFormElementTag.java:178)
	at org.springframework.web.servlet.tags.form.AbstractDataBoundFormElementTag.getPropertyPath(AbstractDataBoundFormElementTag.java:199)
	at org.springframework.web.servlet.tags.form.LabelTag.autogenerateFor(LabelTag.java:271)
	at org.springframework.web.servlet.tags.form.LabelTag.resolveFor(LabelTag.java:261)
	at org.springframework.web.servlet.tags.form.LabelTag.writeTagContent(LabelTag.java:230)
	at org.springframework.web.servlet.tags.form.AbstractFormTag.doStartTagInternal(AbstractFormTag.java:87)
	at org.springframework.web.servlet.tags.RequestContextAwareTag.doStartTag(RequestContextAwareTag.java:83)
	at org.apache.jsp.WEB_002dINF.views.add_002dspecialist_jsp._jspx_meth_form_005flabel_005f0(add_002dspecialist_jsp.java:429)
	at org.apache.jsp.WEB_002dINF.views.add_002dspecialist_jsp._jspx_meth_form_005fform_005f0(add_002dspecialist_jsp.java:339)
	at org.apache.jsp.WEB_002dINF.views.add_002dspecialist_jsp._jspService(add_002dspecialist_jsp.java:256)
	at org.apache.jasper.runtime.HttpJspBase.service(HttpJspBase.java:71)
	at javax.servlet.http.HttpServlet.service(HttpServlet.java:733)
	at org.apache.jasper.servlet.JspServletWrapper.service(JspServletWrapper.java:477)
	at org.apache.jasper.servlet.JspServlet.serviceJspFile(JspServlet.java:385)
	at org.apache.jasper.servlet.JspServlet.service(JspServlet.java:329)
	at javax.servlet.http.HttpServlet.service(HttpServlet.java:733)
	at org.apache.catalina.core.ApplicationFilterChain.internalDoFilter(ApplicationFilterChain.java:231)
	at org.apache.catalina.core.ApplicationFilterChain.doFilter(ApplicationFilterChain.java:166)
	at org.apache.tomcat.websocket.server.WsFilter.doFilter(WsFilter.java:53)
	at org.apache.catalina.core.ApplicationFilterChain.internalDoFilter(ApplicationFilterChain.java:193)
	at org.apache.catalina.core.ApplicationFilterChain.doFilter(ApplicationFilterChain.java:166)
	at org.springframework.web.filter.OncePerRequestFilter.doFilter(OncePerRequestFilter.java:113)
	at org.apache.catalina.core.ApplicationFilterChain.internalDoFilter(ApplicationFilterChain.java:193)
	at org.apache.catalina.core.ApplicationFilterChain.doFilter(ApplicationFilterChain.java:166)
	at org.springframework.web.filter.OncePerRequestFilter.doFilter(OncePerRequestFilter.java:113)
	at org.apache.catalina.core.ApplicationFilterChain.internalDoFilter(ApplicationFilterChain.java:193)
	at org.apache.catalina.core.ApplicationFilterChain.doFilter(ApplicationFilterChain.java:166)
	at org.springframework.web.filter.OncePerRequestFilter.doFilter(OncePerRequestFilter.java:113)
	at org.apache.catalina.core.ApplicationFilterChain.internalDoFilter(ApplicationFilterChain.java:193)
	at org.apache.catalina.core.ApplicationFilterChain.doFilter(ApplicationFilterChain.java:166)
	at org.apache.catalina.core.ApplicationDispatcher.invoke(ApplicationDispatcher.java:712)
	at org.apache.catalina.core.ApplicationDispatcher.processRequest(ApplicationDispatcher.java:459)
	at org.apache.catalina.core.ApplicationDispatcher.doForward(ApplicationDispatcher.java:384)
	at org.apache.catalina.core.ApplicationDispatcher.forward(ApplicationDispatcher.java:312)
	at org.springframework.web.servlet.view.InternalResourceView.renderMergedOutputModel(InternalResourceView.java:171)
	at org.springframework.web.servlet.view.AbstractView.render(AbstractView.java:316)
	at org.springframework.web.servlet.DispatcherServlet.render(DispatcherServlet.java:1393)
	at org.springframework.web.servlet.DispatcherServlet.processDispatchResult(DispatcherServlet.java:1138)
	at org.springframework.web.servlet.DispatcherServlet.doDispatch(DispatcherServlet.java:1077)
	at org.springframework.web.servlet.DispatcherServlet.doService(DispatcherServlet.java:962)
	at org.springframework.web.servlet.FrameworkServlet.processRequest(FrameworkServlet.java:1006)
	at org.springframework.web.servlet.FrameworkServlet.doGet(FrameworkServlet.java:898)
	at javax.servlet.http.HttpServlet.service(HttpServlet.java:626)
	at org.springframework.web.servlet.FrameworkServlet.service(FrameworkServlet.java:883)
	at javax.servlet.http.HttpServlet.service(HttpServlet.java:733)
	at org.apache.catalina.core.ApplicationFilterChain.internalDoFilter(ApplicationFilterChain.java:231)
	at org.apache.catalina.core.ApplicationFilterChain.doFilter(ApplicationFilterChain.java:166)
	at org.apache.tomcat.websocket.server.WsFilter.doFilter(WsFilter.java:53)
	at org.apache.catalina.core.ApplicationFilterChain.internalDoFilter(ApplicationFilterChain.java:193)
	at org.apache.catalina.core.ApplicationFilterChain.doFilter(ApplicationFilterChain.java:166)
	at org.springframework.web.filter.RequestContextFilter.doFilterInternal(RequestContextFilter.java:100)
	at org.springframework.web.filter.OncePerRequestFilter.doFilter(OncePerRequestFilter.java:119)
	at org.apache.catalina.core.ApplicationFilterChain.internalDoFilter(ApplicationFilterChain.java:193)
	at org.apache.catalina.core.ApplicationFilterChain.doFilter(ApplicationFilterChain.java:166)
	at org.springframework.web.filter.FormContentFilter.doFilterInternal(FormContentFilter.java:93)
	at org.springframework.web.filter.OncePerRequestFilter.doFilter(OncePerRequestFilter.java:119)
	at org.apache.catalina.core.ApplicationFilterChain.internalDoFilter(ApplicationFilterChain.java:193)
	at org.apache.catalina.core.ApplicationFilterChain.doFilter(ApplicationFilterChain.java:166)
	at org.springframework.web.filter.CharacterEncodingFilter.doFilterInternal(CharacterEncodingFilter.java:201)
	at org.springframework.web.filter.OncePerRequestFilter.doFilter(OncePerRequestFilter.java:119)
	at org.apache.catalina.core.ApplicationFilterChain.internalDoFilter(ApplicationFilterChain.java:193)
	at org.apache.catalina.core.ApplicationFilterChain.doFilter(ApplicationFilterChain.java:166)
	at org.apache.catalina.core.StandardWrapperValve.invoke(StandardWrapperValve.java:202)
	at org.apache.catalina.core.StandardContextValve.invoke(StandardContextValve.java:97)
	at org.apache.catalina.authenticator.AuthenticatorBase.invoke(AuthenticatorBase.java:542)
	at org.apache.catalina.core.StandardHostValve.invoke(StandardHostValve.java:143)
	at org.apache.catalina.valves.ErrorReportValve.invoke(ErrorReportValve.java:92)
	at org.apache.catalina.core.StandardEngineValve.invoke(StandardEngineValve.java:78)
	at org.apache.catalina.connector.CoyoteAdapter.service(CoyoteAdapter.java:343)
	at org.apache.coyote.http11.Http11Processor.service(Http11Processor.java:374)
	at org.apache.coyote.AbstractProcessorLight.process(AbstractProcessorLight.java:65)
	at org.apache.coyote.AbstractProtocol$ConnectionHandler.process(AbstractProtocol.java:888)
	at org.apache.tomcat.util.net.NioEndpoint$SocketProcessor.doRun(NioEndpoint.java:1597)
	at org.apache.tomcat.util.net.SocketProcessorBase.run(SocketProcessorBase.java:49)
	at java.base/java.util.concurrent.ThreadPoolExecutor.runWorker(ThreadPoolExecutor.java:1130)
	at java.base/java.util.concurrent.ThreadPoolExecutor$Worker.run(ThreadPoolExecutor.java:630)
	at org.apache.tomcat.util.threads.TaskThread$WrappingRunnable.run(TaskThread.java:61)
	at java.base/java.lang.Thread.run(Thread.java:832)
2021-05-18_01-53-00 [http-nio-8500-exec-3] ERROR o.a.c.c.C.[.[.[.[dispatcherServlet] - Servlet.service() for servlet [dispatcherServlet] in context with path [] threw exception [An exception occurred processing [/WEB-INF/views/add-specialist.jsp] at line [40]

37: 					<form:form action="addSpecialist" method="GET"
38: 						modelAttribute="SpecialistDetail">
39: 						<div class="form-group">
40: 							<form:label path="specialistId">Enter Specialist ID:</form:label>
41: 							<form:input path="specialistId" class="form-control"
42: 								id="specialistId" required="required" />
43: 						</div>


Stacktrace:] with root cause
java.lang.IllegalStateException: Neither BindingResult nor plain target object for bean name 'SpecialistDetail' available as request attribute
	at org.springframework.web.servlet.support.BindStatus.<init>(BindStatus.java:153)
	at org.springframework.web.servlet.tags.form.AbstractDataBoundFormElementTag.getBindStatus(AbstractDataBoundFormElementTag.java:178)
	at org.springframework.web.servlet.tags.form.AbstractDataBoundFormElementTag.getPropertyPath(AbstractDataBoundFormElementTag.java:199)
	at org.springframework.web.servlet.tags.form.LabelTag.autogenerateFor(LabelTag.java:271)
	at org.springframework.web.servlet.tags.form.LabelTag.resolveFor(LabelTag.java:261)
	at org.springframework.web.servlet.tags.form.LabelTag.writeTagContent(LabelTag.java:230)
	at org.springframework.web.servlet.tags.form.AbstractFormTag.doStartTagInternal(AbstractFormTag.java:87)
	at org.springframework.web.servlet.tags.RequestContextAwareTag.doStartTag(RequestContextAwareTag.java:83)
	at org.apache.jsp.WEB_002dINF.views.add_002dspecialist_jsp._jspx_meth_form_005flabel_005f0(add_002dspecialist_jsp.java:429)
	at org.apache.jsp.WEB_002dINF.views.add_002dspecialist_jsp._jspx_meth_form_005fform_005f0(add_002dspecialist_jsp.java:339)
	at org.apache.jsp.WEB_002dINF.views.add_002dspecialist_jsp._jspService(add_002dspecialist_jsp.java:256)
	at org.apache.jasper.runtime.HttpJspBase.service(HttpJspBase.java:71)
	at javax.servlet.http.HttpServlet.service(HttpServlet.java:733)
	at org.apache.jasper.servlet.JspServletWrapper.service(JspServletWrapper.java:477)
	at org.apache.jasper.servlet.JspServlet.serviceJspFile(JspServlet.java:385)
	at org.apache.jasper.servlet.JspServlet.service(JspServlet.java:329)
	at javax.servlet.http.HttpServlet.service(HttpServlet.java:733)
	at org.apache.catalina.core.ApplicationFilterChain.internalDoFilter(ApplicationFilterChain.java:231)
	at org.apache.catalina.core.ApplicationFilterChain.doFilter(ApplicationFilterChain.java:166)
	at org.apache.tomcat.websocket.server.WsFilter.doFilter(WsFilter.java:53)
	at org.apache.catalina.core.ApplicationFilterChain.internalDoFilter(ApplicationFilterChain.java:193)
	at org.apache.catalina.core.ApplicationFilterChain.doFilter(ApplicationFilterChain.java:166)
	at org.springframework.web.filter.OncePerRequestFilter.doFilter(OncePerRequestFilter.java:113)
	at org.apache.catalina.core.ApplicationFilterChain.internalDoFilter(ApplicationFilterChain.java:193)
	at org.apache.catalina.core.ApplicationFilterChain.doFilter(ApplicationFilterChain.java:166)
	at org.springframework.web.filter.OncePerRequestFilter.doFilter(OncePerRequestFilter.java:113)
	at org.apache.catalina.core.ApplicationFilterChain.internalDoFilter(ApplicationFilterChain.java:193)
	at org.apache.catalina.core.ApplicationFilterChain.doFilter(ApplicationFilterChain.java:166)
	at org.springframework.web.filter.OncePerRequestFilter.doFilter(OncePerRequestFilter.java:113)
	at org.apache.catalina.core.ApplicationFilterChain.internalDoFilter(ApplicationFilterChain.java:193)
	at org.apache.catalina.core.ApplicationFilterChain.doFilter(ApplicationFilterChain.java:166)
	at org.apache.catalina.core.ApplicationDispatcher.invoke(ApplicationDispatcher.java:712)
	at org.apache.catalina.core.ApplicationDispatcher.processRequest(ApplicationDispatcher.java:459)
	at org.apache.catalina.core.ApplicationDispatcher.doForward(ApplicationDispatcher.java:384)
	at org.apache.catalina.core.ApplicationDispatcher.forward(ApplicationDispatcher.java:312)
	at org.springframework.web.servlet.view.InternalResourceView.renderMergedOutputModel(InternalResourceView.java:171)
	at org.springframework.web.servlet.view.AbstractView.render(AbstractView.java:316)
	at org.springframework.web.servlet.DispatcherServlet.render(DispatcherServlet.java:1393)
	at org.springframework.web.servlet.DispatcherServlet.processDispatchResult(DispatcherServlet.java:1138)
	at org.springframework.web.servlet.DispatcherServlet.doDispatch(DispatcherServlet.java:1077)
	at org.springframework.web.servlet.DispatcherServlet.doService(DispatcherServlet.java:962)
	at org.springframework.web.servlet.FrameworkServlet.processRequest(FrameworkServlet.java:1006)
	at org.springframework.web.servlet.FrameworkServlet.doGet(FrameworkServlet.java:898)
	at javax.servlet.http.HttpServlet.service(HttpServlet.java:626)
	at org.springframework.web.servlet.FrameworkServlet.service(FrameworkServlet.java:883)
	at javax.servlet.http.HttpServlet.service(HttpServlet.java:733)
	at org.apache.catalina.core.ApplicationFilterChain.internalDoFilter(ApplicationFilterChain.java:231)
	at org.apache.catalina.core.ApplicationFilterChain.doFilter(ApplicationFilterChain.java:166)
	at org.apache.tomcat.websocket.server.WsFilter.doFilter(WsFilter.java:53)
	at org.apache.catalina.core.ApplicationFilterChain.internalDoFilter(ApplicationFilterChain.java:193)
	at org.apache.catalina.core.ApplicationFilterChain.doFilter(ApplicationFilterChain.java:166)
	at org.springframework.web.filter.RequestContextFilter.doFilterInternal(RequestContextFilter.java:100)
	at org.springframework.web.filter.OncePerRequestFilter.doFilter(OncePerRequestFilter.java:119)
	at org.apache.catalina.core.ApplicationFilterChain.internalDoFilter(ApplicationFilterChain.java:193)
	at org.apache.catalina.core.ApplicationFilterChain.doFilter(ApplicationFilterChain.java:166)
	at org.springframework.web.filter.FormContentFilter.doFilterInternal(FormContentFilter.java:93)
	at org.springframework.web.filter.OncePerRequestFilter.doFilter(OncePerRequestFilter.java:119)
	at org.apache.catalina.core.ApplicationFilterChain.internalDoFilter(ApplicationFilterChain.java:193)
	at org.apache.catalina.core.ApplicationFilterChain.doFilter(ApplicationFilterChain.java:166)
	at org.springframework.web.filter.CharacterEncodingFilter.doFilterInternal(CharacterEncodingFilter.java:201)
	at org.springframework.web.filter.OncePerRequestFilter.doFilter(OncePerRequestFilter.java:119)
	at org.apache.catalina.core.ApplicationFilterChain.internalDoFilter(ApplicationFilterChain.java:193)
	at org.apache.catalina.core.ApplicationFilterChain.doFilter(ApplicationFilterChain.java:166)
	at org.apache.catalina.core.StandardWrapperValve.invoke(StandardWrapperValve.java:202)
	at org.apache.catalina.core.StandardContextValve.invoke(StandardContextValve.java:97)
	at org.apache.catalina.authenticator.AuthenticatorBase.invoke(AuthenticatorBase.java:542)
	at org.apache.catalina.core.StandardHostValve.invoke(StandardHostValve.java:143)
	at org.apache.catalina.valves.ErrorReportValve.invoke(ErrorReportValve.java:92)
	at org.apache.catalina.core.StandardEngineValve.invoke(StandardEngineValve.java:78)
	at org.apache.catalina.connector.CoyoteAdapter.service(CoyoteAdapter.java:343)
	at org.apache.coyote.http11.Http11Processor.service(Http11Processor.java:374)
	at org.apache.coyote.AbstractProcessorLight.process(AbstractProcessorLight.java:65)
	at org.apache.coyote.AbstractProtocol$ConnectionHandler.process(AbstractProtocol.java:888)
	at org.apache.tomcat.util.net.NioEndpoint$SocketProcessor.doRun(NioEndpoint.java:1597)
	at org.apache.tomcat.util.net.SocketProcessorBase.run(SocketProcessorBase.java:49)
	at java.base/java.util.concurrent.ThreadPoolExecutor.runWorker(ThreadPoolExecutor.java:1130)
	at java.base/java.util.concurrent.ThreadPoolExecutor$Worker.run(ThreadPoolExecutor.java:630)
	at org.apache.tomcat.util.threads.TaskThread$WrappingRunnable.run(TaskThread.java:61)
	at java.base/java.lang.Thread.run(Thread.java:832)
2021-05-18_02-06-09 [http-nio-8500-exec-9] ERROR c.c.p.e.GlobalExceptionHandler - handles by handleFeignStatusException
2021-05-18_02-06-09 [http-nio-8500-exec-9] ERROR c.c.p.e.GlobalExceptionHandler - Connection refused: no further information executing GET http://localhost:8200/ipTreatment/getAllTreatmentPlan
